<?xml version="1.0" encoding="UTF-8"?>
<!-- Generated by org.testng.reporters.JUnitReportReporter -->
<testsuite hostname="Testing3" failures="0" tests="1" name="toll.tcm.testCases.Transaction" time="154.548" errors="0" timestamp="2024-01-25T12:00:29 IST" skipped="0">
  <testcase classname="toll.tcm.testCases.Transaction" name="main" time="154.548"/>
  <system-out/>
</testsuite> <!-- toll.tcm.testCases.Transaction -->
