<?xml version="1.0" encoding="UTF-8"?>
<!-- Generated by org.testng.reporters.JUnitReportReporter -->
<testsuite hostname="Testing3" failures="0" tests="1" name="toll.tcm.testCases.Extent" time="0.800" errors="0" timestamp="2023-12-28T15:17:53 IST" skipped="0">
  <testcase classname="toll.tcm.testCases.Extent" name="m" time="0.800"/>
  <system-out/>
</testsuite> <!-- toll.tcm.testCases.Extent -->
