<?xml version="1.0" encoding="UTF-8"?>
<!-- Generated by org.testng.reporters.JUnitReportReporter -->
<testsuite hostname="Testing3" failures="0" tests="1" name="toll.tcm.testCases.Transaction" time="97.063" errors="0" timestamp="2024-02-21T16:36:32 IST" skipped="0">
  <testcase classname="toll.tcm.testCases.Transaction" name="main" time="97.063"/>
  <system-out/>
</testsuite> <!-- toll.tcm.testCases.Transaction -->
