<?xml version="1.0" encoding="UTF-8"?>
<!-- Generated by org.testng.reporters.JUnitReportReporter -->
<testsuite hostname="DESKTOP-3O1MU76" failures="0" tests="1" name="toll.tcm.testCases.Transaction" time="124.001" errors="0" timestamp="2025-03-27T10:48:41 IST" skipped="0">
  <testcase classname="toll.tcm.testCases.Transaction" name="main" time="124.001"/>
  <system-out/>
</testsuite> <!-- toll.tcm.testCases.Transaction -->
